Using pre-set license
Built from '2020.3/staging' branch; Version is '2020.3.9f1 (108be757e447) revision 1084391'; Using compiler version '192528614'; Build Type 'Release'
OS: 'Windows 10 Home Single Language; OS build 19043.1766; Version 2009; 64bit' Language: 'id' Physical Memory: 8029 MB
BatchMode: 1, IsHumanControllingUs: 0, StartBugReporterOnCrash: 0, Is64bit: 1, IsPro: 0

 COMMAND LINE ARGUMENTS:
C:\Program Files\Unity\Hub\Editor\2020.3.9f1\Editor\Unity.exe
-adb2
-batchMode
-noUpm
-name
AssetImportWorker0
-projectPath
C:/Users/user/Documents/Repository/DTS/Filzi Muhaimin Manan - 149251970101-179 - 3D Pong
-logFile
Logs/AssetImportWorker0.log
-srvPort
7518
Successfully changed project path to: C:/Users/user/Documents/Repository/DTS/Filzi Muhaimin Manan - 149251970101-179 - 3D Pong
C:/Users/user/Documents/Repository/DTS/Filzi Muhaimin Manan - 149251970101-179 - 3D Pong
Using Asset Import Pipeline V2.
Refreshing native plugins compatible for Editor in 19.88 ms, found 0 plugins.
Preloading 0 native plugins for Editor in 0.00 ms.
Initialize engine version: 2020.3.9f1 (108be757e447)
[Subsystems] Discovering subsystems at path C:/Program Files/Unity/Hub/Editor/2020.3.9f1/Editor/Data/Resources/UnitySubsystems
[Subsystems] Discovering subsystems at path C:/Users/user/Documents/Repository/DTS/Filzi Muhaimin Manan - 149251970101-179 - 3D Pong/Assets
GfxDevice: creating device client; threaded=0
Direct3D:
    Version:  Direct3D 11.0 [level 11.1]
    Renderer: NVIDIA GeForce GTX 1650 (ID=0x1f99)
    Vendor:   
    VRAM:     3962 MB
    Driver:   30.0.15.1169
Initialize mono
Mono path[0] = 'C:/Program Files/Unity/Hub/Editor/2020.3.9f1/Editor/Data/Managed'
Mono path[1] = 'C:/Program Files/Unity/Hub/Editor/2020.3.9f1/Editor/Data/MonoBleedingEdge/lib/mono/unityjit'
Mono config path = 'C:/Program Files/Unity/Hub/Editor/2020.3.9f1/Editor/Data/MonoBleedingEdge/etc'
Using monoOptions --debugger-agent=transport=dt_socket,embedding=1,server=y,suspend=n,address=127.0.0.1:56160
Begin MonoManager ReloadAssembly
Registering precompiled unity dll's ...
Register platform support module: C:/Program Files/Unity/Hub/Editor/2020.3.9f1/Editor/Data/PlaybackEngines/WindowsStandaloneSupport/UnityEditor.WindowsStandalone.Extensions.dll
Registered in 0.001533 seconds.
Native extension for WindowsStandalone target not found
Refreshing native plugins compatible for Editor in 21.25 ms, found 0 plugins.
Preloading 0 native plugins for Editor in 0.00 ms.
Mono: successfully reloaded assembly
- Completed reload, in  2.262 seconds
Platform modules already initialized, skipping
Registering precompiled user dll's ...
Registered in 0.000536 seconds.
Begin MonoManager ReloadAssembly
Native extension for WindowsStandalone target not found
Refreshing native plugins compatible for Editor in 0.19 ms, found 0 plugins.
Preloading 0 native plugins for Editor in 0.00 ms.
Mono: successfully reloaded assembly
- Completed reload, in  0.665 seconds
Platform modules already initialized, skipping
========================================================================
Worker process is ready to serve import requests
Launched and connected shader compiler UnityShaderCompiler.exe after 0.03 seconds
Refreshing native plugins compatible for Editor in 0.19 ms, found 0 plugins.
Preloading 0 native plugins for Editor in 0.00 ms.
Unloading 1123 Unused Serialized files (Serialized files now loaded: 0)
System memory in use before: 57.9 MB.
System memory in use after: 58.0 MB.

Unloading 10 unused Assets to reduce memory usage. Loaded Objects now: 1566.
Total: 1.296000 ms (FindLiveObjects: 0.109900 ms CreateObjectMapping: 0.032300 ms MarkObjects: 1.096000 ms  DeleteObjects: 0.057100 ms)

========================================================================
Received Import Request.
  path: Assets/Scenes/Game/ReflectionProbe-0.exr
  artifactKey: Guid(cceca2fc417fa56479b9b61d50ca2072) Importer(815301076,1909f56bfc062723c751e8b465ee728b)
Start importing Assets/Scenes/Game/ReflectionProbe-0.exr using Guid(cceca2fc417fa56479b9b61d50ca2072) Importer(815301076,1909f56bfc062723c751e8b465ee728b)  -> (artifact id: '305bc0b3dc196acdd2f8fe3fb08b148e') in 0.096129 seconds
  Import took 0.098497 seconds .

========================================================================
Received Import Request.
  Time since last request: 0.000138 seconds.
  path: Assets/Scenes/Game/LightingData.asset
  artifactKey: Guid(0aa12435f9e4e5e4090dfe0452078c3d) Importer(815301076,1909f56bfc062723c751e8b465ee728b)
Start importing Assets/Scenes/Game/LightingData.asset using Guid(0aa12435f9e4e5e4090dfe0452078c3d) Importer(815301076,1909f56bfc062723c751e8b465ee728b)  -> (artifact id: 'f3e74fa639d714f44ee3ae5e5cb773b6') in 0.003012 seconds
  Import took 0.004994 seconds .

========================================================================
Received Import Request.
  Time since last request: 0.000124 seconds.
  path: Assets/Scenes/Game
  artifactKey: Guid(d6de7827cbdd03b4c87f854b975a3cee) Importer(815301076,1909f56bfc062723c751e8b465ee728b)
Start importing Assets/Scenes/Game using Guid(d6de7827cbdd03b4c87f854b975a3cee) Importer(815301076,1909f56bfc062723c751e8b465ee728b)  -> (artifact id: '14ecd958e6e5809cd41604f442322c99') in 0.001419 seconds
  Import took 0.003317 seconds .

========================================================================
Received Import Request.
  Time since last request: 24.271059 seconds.
  path: Assets/Scenes/Game/LightingData.asset
  artifactKey: Guid(0aa12435f9e4e5e4090dfe0452078c3d) Importer(815301076,1909f56bfc062723c751e8b465ee728b)
Start importing Assets/Scenes/Game/LightingData.asset using Guid(0aa12435f9e4e5e4090dfe0452078c3d) Importer(815301076,1909f56bfc062723c751e8b465ee728b)  -> (artifact id: '0001ff116b3b66d6022783ca70ea7a69') in 0.007595 seconds
  Import took 0.011506 seconds .

========================================================================
Received Import Request.
  Time since last request: 554.809745 seconds.
  path: Assets/Color/yellow.mat
  artifactKey: Guid(bafa0525bfbf92340aee8668b6f8c374) Importer(815301076,1909f56bfc062723c751e8b465ee728b)
Start importing Assets/Color/yellow.mat using Guid(bafa0525bfbf92340aee8668b6f8c374) Importer(815301076,1909f56bfc062723c751e8b465ee728b)  -> (artifact id: '378f4a58c36917351cf636928140ba61') in 0.026134 seconds
  Import took 0.029819 seconds .

========================================================================
Received Prepare
Registering precompiled user dll's ...
Registered in 0.000486 seconds.
Begin MonoManager ReloadAssembly
Native extension for WindowsStandalone target not found
Refreshing native plugins compatible for Editor in 0.19 ms, found 0 plugins.
Preloading 0 native plugins for Editor in 0.00 ms.
Mono: successfully reloaded assembly
- Completed reload, in  0.648 seconds
Platform modules already initialized, skipping
Refreshing native plugins compatible for Editor in 0.20 ms, found 0 plugins.
Preloading 0 native plugins for Editor in 0.00 ms.
Unloading 1118 Unused Serialized files (Serialized files now loaded: 0)
System memory in use before: 61.2 MB.
System memory in use after: 61.3 MB.

Unloading 5 unused Assets to reduce memory usage. Loaded Objects now: 1611.
Total: 1.405000 ms (FindLiveObjects: 0.121500 ms CreateObjectMapping: 0.033700 ms MarkObjects: 1.173800 ms  DeleteObjects: 0.075400 ms)

AssetImportWorkerClient::OnTransportError - code=2 error=End of file
