Using pre-set license
Built from '2020.3/staging' branch; Version is '2020.3.9f1 (108be757e447) revision 1084391'; Using compiler version '192528614'; Build Type 'Release'
OS: 'Windows 10 Home Single Language; OS build 19043.1766; Version 2009; 64bit' Language: 'id' Physical Memory: 8029 MB
BatchMode: 1, IsHumanControllingUs: 0, StartBugReporterOnCrash: 0, Is64bit: 1, IsPro: 0

 COMMAND LINE ARGUMENTS:
C:\Program Files\Unity\Hub\Editor\2020.3.9f1\Editor\Unity.exe
-adb2
-batchMode
-noUpm
-name
AssetImportWorker0
-projectPath
C:/Users/user/Documents/Repository/DTS/Filzi Muhaimin Manan - 149251970101-179 - 3D Pong
-logFile
Logs/AssetImportWorker0.log
-srvPort
12528
Successfully changed project path to: C:/Users/user/Documents/Repository/DTS/Filzi Muhaimin Manan - 149251970101-179 - 3D Pong
C:/Users/user/Documents/Repository/DTS/Filzi Muhaimin Manan - 149251970101-179 - 3D Pong
Using Asset Import Pipeline V2.
Refreshing native plugins compatible for Editor in 33.81 ms, found 0 plugins.
Preloading 0 native plugins for Editor in 0.00 ms.
Initialize engine version: 2020.3.9f1 (108be757e447)
[Subsystems] Discovering subsystems at path C:/Program Files/Unity/Hub/Editor/2020.3.9f1/Editor/Data/Resources/UnitySubsystems
[Subsystems] Discovering subsystems at path C:/Users/user/Documents/Repository/DTS/Filzi Muhaimin Manan - 149251970101-179 - 3D Pong/Assets
GfxDevice: creating device client; threaded=0
Direct3D:
    Version:  Direct3D 11.0 [level 11.1]
    Renderer: NVIDIA GeForce GTX 1650 (ID=0x1f99)
    Vendor:   
    VRAM:     3962 MB
    Driver:   30.0.15.1169
Initialize mono
Mono path[0] = 'C:/Program Files/Unity/Hub/Editor/2020.3.9f1/Editor/Data/Managed'
Mono path[1] = 'C:/Program Files/Unity/Hub/Editor/2020.3.9f1/Editor/Data/MonoBleedingEdge/lib/mono/unityjit'
Mono config path = 'C:/Program Files/Unity/Hub/Editor/2020.3.9f1/Editor/Data/MonoBleedingEdge/etc'
Using monoOptions --debugger-agent=transport=dt_socket,embedding=1,server=y,suspend=n,address=127.0.0.1:56700
Begin MonoManager ReloadAssembly
Registering precompiled unity dll's ...
Register platform support module: C:/Program Files/Unity/Hub/Editor/2020.3.9f1/Editor/Data/PlaybackEngines/WindowsStandaloneSupport/UnityEditor.WindowsStandalone.Extensions.dll
Registered in 0.002513 seconds.
Native extension for WindowsStandalone target not found
Refreshing native plugins compatible for Editor in 67.47 ms, found 0 plugins.
Preloading 0 native plugins for Editor in 0.00 ms.
Mono: successfully reloaded assembly
- Completed reload, in  3.045 seconds
Platform modules already initialized, skipping
Registering precompiled user dll's ...
Registered in 0.001707 seconds.
Begin MonoManager ReloadAssembly
Native extension for WindowsStandalone target not found
Refreshing native plugins compatible for Editor in 0.23 ms, found 0 plugins.
Preloading 0 native plugins for Editor in 0.00 ms.
Mono: successfully reloaded assembly
- Completed reload, in  1.326 seconds
Platform modules already initialized, skipping
========================================================================
Worker process is ready to serve import requests
Launched and connected shader compiler UnityShaderCompiler.exe after 0.05 seconds
Refreshing native plugins compatible for Editor in 0.23 ms, found 0 plugins.
Preloading 0 native plugins for Editor in 0.00 ms.
Unloading 1123 Unused Serialized files (Serialized files now loaded: 0)
System memory in use before: 57.9 MB.
System memory in use after: 58.0 MB.

Unloading 10 unused Assets to reduce memory usage. Loaded Objects now: 1566.
Total: 2.110700 ms (FindLiveObjects: 0.170900 ms CreateObjectMapping: 0.039600 ms MarkObjects: 1.812500 ms  DeleteObjects: 0.086300 ms)

========================================================================
Received Import Request.
  path: Assets/Script/ScoreController.cs
  artifactKey: Guid(533b6c1f1f8beea429a07dc0ab7bc301) Importer(815301076,1909f56bfc062723c751e8b465ee728b)
Start importing Assets/Script/ScoreController.cs using Guid(533b6c1f1f8beea429a07dc0ab7bc301) Importer(815301076,1909f56bfc062723c751e8b465ee728b)  -> (artifact id: '786ed3d05c931920e0129a53b351e797') in 0.020528 seconds
  Import took 0.023298 seconds .

========================================================================
Received Prepare
Registering precompiled user dll's ...
Registered in 0.000889 seconds.
Begin MonoManager ReloadAssembly
Native extension for WindowsStandalone target not found
Refreshing native plugins compatible for Editor in 0.24 ms, found 0 plugins.
Preloading 0 native plugins for Editor in 0.00 ms.
Mono: successfully reloaded assembly
- Completed reload, in  0.907 seconds
Platform modules already initialized, skipping
Refreshing native plugins compatible for Editor in 0.24 ms, found 0 plugins.
Preloading 0 native plugins for Editor in 0.00 ms.
Unloading 1118 Unused Serialized files (Serialized files now loaded: 0)
System memory in use before: 57.9 MB.
System memory in use after: 57.9 MB.

Unloading 5 unused Assets to reduce memory usage. Loaded Objects now: 1569.
Total: 2.107600 ms (FindLiveObjects: 0.148200 ms CreateObjectMapping: 0.041600 ms MarkObjects: 1.859700 ms  DeleteObjects: 0.056900 ms)

========================================================================
Received Import Request.
  Time since last request: 964.561278 seconds.
  path: Assets/Script/New Lighting Settings.lighting
  artifactKey: Guid(9db66fa8695a11d4eb8319f18d950e21) Importer(815301076,1909f56bfc062723c751e8b465ee728b)
Start importing Assets/Script/New Lighting Settings.lighting using Guid(9db66fa8695a11d4eb8319f18d950e21) Importer(815301076,1909f56bfc062723c751e8b465ee728b)  -> (artifact id: '9ba6b100c71032e56ad3f3aacf65eceb') in 0.025409 seconds
  Import took 0.029288 seconds .

========================================================================
Received Import Request.
  Time since last request: 300.868566 seconds.
  path: Assets/Script/New Lighting Settings 1.lighting
  artifactKey: Guid(7a1774dd6b61b814eac68c2b67d6b7c8) Importer(815301076,1909f56bfc062723c751e8b465ee728b)
Start importing Assets/Script/New Lighting Settings 1.lighting using Guid(7a1774dd6b61b814eac68c2b67d6b7c8) Importer(815301076,1909f56bfc062723c751e8b465ee728b)  -> (artifact id: '0a40176703327c53224148a913007850') in 0.003865 seconds
  Import took 0.006784 seconds .

AssetImportWorkerClient::OnTransportError - code=2 error=End of file
